<?xml version="1.0" encoding="UTF-8"?>
<!-- Generated by org.testng.reporters.JUnitReportReporter -->
<testsuite hostname="DESKTOP-8AUH8MK" name="TestRunner" tests="1" failures="0" timestamp="12 Sep 2019 04:15:30 GMT" time="0.130" errors="0">
  <testcase name="feature" time="0.130" classname="TestRunner"/>
</testsuite> <!-- TestRunner -->
