<?xml version="1.0" encoding="UTF-8"?>
<!-- Generated by org.testng.reporters.JUnitReportReporter -->
<testsuite hostname="DESKTOP-8AUH8MK" name="TestRunner" tests="1" failures="0" timestamp="21 Sep 2019 21:00:18 GMT" time="17.349" errors="0">
  <testcase name="feature" time="17.349" classname="TestRunner"/>
</testsuite> <!-- TestRunner -->
